<?xml version="1.0" encoding="UTF-8"?>
<!-- Generated by org.testng.reporters.JUnitXMLReporter -->
<testsuite ignored="0" hostname="BijayaChhetri" failures="3" tests="9" name="Test" time="77.365" errors="0" timestamp="2025-04-16T00:33:58 EDT">
  <testcase classname="com.project.tests.Test_Login" name="login" time="2.615"/>
  <testcase classname="com.example.Test_00_ReadWriteJsonFile_UsingJacksonDatabind" name="test_read_JsonFIle" time="0.006"/>
  <testcase classname="com.example.Test_00_ReadWriteJsonFile_UsingJacksonDatabind" name="test_write_JsonFIle" time="0.018"/>
  <testcase classname="com.example.Test_01_OpenCloseAll3Browser" name="test_CHROME_real_browser" time="2.3">
    <failure type="com.microsoft.playwright.PlaywrightException" message="Error {
  message=&amp;apos;net::ERR_ABORTED at https://www.rahulshettyacademy.com/AutomationPractice/
  name=&amp;apos;Error
  stack=&amp;apos;Error: net::ERR_ABORTED at https://www.rahulshettyacademy.com/AutomationPractice/
    at FrameSession._navigate (C:\Users\BIJAYA~1\AppData\Local\Temp\playwright-java-6050117891052641099\package\lib\server\chromium\crPage.js:496:35)
    at async Frame._gotoAction (C:\Users\BIJAYA~1\AppData\Local\Temp\playwright-java-6050117891052641099\package\lib\server\frames.js:539:28)
}
Call log:
-   - navigating to &amp;quot;https://www.rahulshettyacademy.com/AutomationPractice/&amp;quot;, waiting until &amp;quot;load&amp;quot;
">
      <![CDATA[com.microsoft.playwright.PlaywrightException: Error {
  message='net::ERR_ABORTED at https://www.rahulshettyacademy.com/AutomationPractice/
  name='Error
  stack='Error: net::ERR_ABORTED at https://www.rahulshettyacademy.com/AutomationPractice/
    at FrameSession._navigate (C:\Users\BIJAYA~1\AppData\Local\Temp\playwright-java-6050117891052641099\package\lib\server\chromium\crPage.js:496:35)
    at async Frame._gotoAction (C:\Users\BIJAYA~1\AppData\Local\Temp\playwright-java-6050117891052641099\package\lib\server\frames.js:539:28)
}
Call log:
-   - navigating to "https://www.rahulshettyacademy.com/AutomationPractice/", waiting until "load"

at com.microsoft.playwright.impl.WaitableResult.get(WaitableResult.java:56)
at com.microsoft.playwright.impl.ChannelOwner.runUntil(ChannelOwner.java:132)
at com.microsoft.playwright.impl.Connection.sendMessage(Connection.java:130)
at com.microsoft.playwright.impl.ChannelOwner.sendMessage(ChannelOwner.java:118)
at com.microsoft.playwright.impl.FrameImpl.navigateImpl(FrameImpl.java:463)
at com.microsoft.playwright.impl.PageImpl.lambda$navigate$47(PageImpl.java:943)
at com.microsoft.playwright.impl.LoggingSupport.withLogging(LoggingSupport.java:47)
at com.microsoft.playwright.impl.ChannelOwner.withLogging(ChannelOwner.java:97)
at com.microsoft.playwright.impl.PageImpl.navigate(PageImpl.java:943)
at com.microsoft.playwright.impl.PageImpl.navigate(PageImpl.java:42)
at com.microsoft.playwright.Page.navigate(Page.java:5474)
at com.example.Test_01_OpenCloseAll3Browser.test_CHROME_real_browser(Test_01_OpenCloseAll3Browser.java:42)
at java.base/java.util.ArrayList.forEach(ArrayList.java:1596)
Caused by: com.microsoft.playwright.impl.DriverException: Error {
  message='net::ERR_ABORTED at https://www.rahulshettyacademy.com/AutomationPractice/
  name='Error
  stack='Error: net::ERR_ABORTED at https://www.rahulshettyacademy.com/AutomationPractice/
    at FrameSession._navigate (C:\Users\BIJAYA~1\AppData\Local\Temp\playwright-java-6050117891052641099\package\lib\server\chromium\crPage.js:496:35)
    at async Frame._gotoAction (C:\Users\BIJAYA~1\AppData\Local\Temp\playwright-java-6050117891052641099\package\lib\server\frames.js:539:28)
}
Call log:
-   - navigating to "https://www.rahulshettyacademy.com/AutomationPractice/", waiting until "load"

at com.microsoft.playwright.impl.Connection.dispatch(Connection.java:259)
at com.microsoft.playwright.impl.Connection.processOneMessage(Connection.java:211)
at com.microsoft.playwright.impl.ChannelOwner.runUntil(ChannelOwner.java:130)
... 36 more
... Removed 25 stack frames]]>
    </failure>
  </testcase> <!-- test_CHROME_real_browser -->
  <testcase classname="com.example.Test_01_OpenCloseAll3Browser" name="test_Chromium_For_Chrome_And_Edge" time="14.101"/>
  <testcase classname="com.example.Test_01_OpenCloseAll3Browser" name="test_MSEDGE_real_browser" time="2.634">
    <failure type="com.microsoft.playwright.PlaywrightException" message="Error {
  message=&amp;apos;net::ERR_ABORTED at https://www.rahulshettyacademy.com/AutomationPractice/
  name=&amp;apos;Error
  stack=&amp;apos;Error: net::ERR_ABORTED at https://www.rahulshettyacademy.com/AutomationPractice/
    at FrameSession._navigate (C:\Users\BIJAYA~1\AppData\Local\Temp\playwright-java-6050117891052641099\package\lib\server\chromium\crPage.js:496:35)
    at async Frame._gotoAction (C:\Users\BIJAYA~1\AppData\Local\Temp\playwright-java-6050117891052641099\package\lib\server\frames.js:539:28)
}
Call log:
-   - navigating to &amp;quot;https://www.rahulshettyacademy.com/AutomationPractice/&amp;quot;, waiting until &amp;quot;load&amp;quot;
">
      <![CDATA[com.microsoft.playwright.PlaywrightException: Error {
  message='net::ERR_ABORTED at https://www.rahulshettyacademy.com/AutomationPractice/
  name='Error
  stack='Error: net::ERR_ABORTED at https://www.rahulshettyacademy.com/AutomationPractice/
    at FrameSession._navigate (C:\Users\BIJAYA~1\AppData\Local\Temp\playwright-java-6050117891052641099\package\lib\server\chromium\crPage.js:496:35)
    at async Frame._gotoAction (C:\Users\BIJAYA~1\AppData\Local\Temp\playwright-java-6050117891052641099\package\lib\server\frames.js:539:28)
}
Call log:
-   - navigating to "https://www.rahulshettyacademy.com/AutomationPractice/", waiting until "load"

at com.microsoft.playwright.impl.WaitableResult.get(WaitableResult.java:56)
at com.microsoft.playwright.impl.ChannelOwner.runUntil(ChannelOwner.java:132)
at com.microsoft.playwright.impl.Connection.sendMessage(Connection.java:130)
at com.microsoft.playwright.impl.ChannelOwner.sendMessage(ChannelOwner.java:118)
at com.microsoft.playwright.impl.FrameImpl.navigateImpl(FrameImpl.java:463)
at com.microsoft.playwright.impl.PageImpl.lambda$navigate$47(PageImpl.java:943)
at com.microsoft.playwright.impl.LoggingSupport.withLogging(LoggingSupport.java:47)
at com.microsoft.playwright.impl.ChannelOwner.withLogging(ChannelOwner.java:97)
at com.microsoft.playwright.impl.PageImpl.navigate(PageImpl.java:943)
at com.microsoft.playwright.impl.PageImpl.navigate(PageImpl.java:42)
at com.microsoft.playwright.Page.navigate(Page.java:5474)
at com.example.Test_01_OpenCloseAll3Browser.test_MSEDGE_real_browser(Test_01_OpenCloseAll3Browser.java:55)
at java.base/java.util.ArrayList.forEach(ArrayList.java:1596)
Caused by: com.microsoft.playwright.impl.DriverException: Error {
  message='net::ERR_ABORTED at https://www.rahulshettyacademy.com/AutomationPractice/
  name='Error
  stack='Error: net::ERR_ABORTED at https://www.rahulshettyacademy.com/AutomationPractice/
    at FrameSession._navigate (C:\Users\BIJAYA~1\AppData\Local\Temp\playwright-java-6050117891052641099\package\lib\server\chromium\crPage.js:496:35)
    at async Frame._gotoAction (C:\Users\BIJAYA~1\AppData\Local\Temp\playwright-java-6050117891052641099\package\lib\server\frames.js:539:28)
}
Call log:
-   - navigating to "https://www.rahulshettyacademy.com/AutomationPractice/", waiting until "load"

at com.microsoft.playwright.impl.Connection.dispatch(Connection.java:259)
at com.microsoft.playwright.impl.Connection.processOneMessage(Connection.java:211)
at com.microsoft.playwright.impl.ChannelOwner.runUntil(ChannelOwner.java:130)
... 36 more
... Removed 25 stack frames]]>
    </failure>
  </testcase> <!-- test_MSEDGE_real_browser -->
  <testcase classname="com.example.Test_01_OpenCloseAll3Browser" name="test_for_firefox" time="16.737"/>
  <testcase classname="com.example.Test_01_OpenCloseAll3Browser" name="test_webkit_for_mac_SafariBrowser" time="15.151"/>
  <testcase classname="com.example.Test_02_React_Selectors" name="test_react_locator" time="13.436">
    <failure type="com.microsoft.playwright.impl.TargetClosedError" message="Error {
  message=&amp;apos;Target page, context or browser has been closed
  name=&amp;apos;TargetClosedError
  stack=&amp;apos;TargetClosedError:Target page, context or browser has been closed
Error
    at captureRawStack (C:\Users\BIJAYA~1\AppData\Local\Temp\playwright-java-6050117891052641099\package\lib\utils\stackTrace.js:50:17)
    at LongStandingScope._race (C:\Users\BIJAYA~1\AppData\Local\Temp\playwright-java-6050117891052641099\package\lib\utils\manualPromise.js:91:52)
    at LongStandingScope.race (C:\Users\BIJAYA~1\AppData\Local\Temp\playwright-java-6050117891052641099\package\lib\utils\manualPromise.js:84:17)
    at C:\Users\BIJAYA~1\AppData\Local\Temp\playwright-java-6050117891052641099\package\lib\utils\manualPromise.js:81:43
    at Array.map (&amp;lt;anonymous&amp;gt;)
    at LongStandingScope.raceMultiple (C:\Users\BIJAYA~1\AppData\Local\Temp\playwright-java-6050117891052641099\package\lib\utils\manualPromise.js:81:32)
    at Frame.retryWithProgressAndTimeouts (C:\Users\BIJAYA~1\AppData\Local\Temp\playwright-java-6050117891052641099\package\lib\server\frames.js:930:40)
    at async C:\Users\BIJAYA~1\AppData\Local\Temp\playwright-java-6050117891052641099\package\lib\server\frames.js:1022:29
    at async ProgressController.run (C:\Users\BIJAYA~1\AppData\Local\Temp\playwright-java-6050117891052641099\package\lib\server\progress.js:79:22)
    at async FrameDispatcher.click (C:\Users\BIJAYA~1\AppData\Local\Temp\playwright-java-6050117891052641099\package\lib\server\dispatchers\frameDispatcher.js:159:12)
    at async LongStandingScope._race (C:\Users\BIJAYA~1\AppData\Local\Temp\playwright-java-6050117891052641099\package\lib\utils\manualPromise.js:96:14)
    at async FrameDispatcher._handleCommand (C:\Users\BIJAYA~1\AppData\Local\Temp\playwright-java-6050117891052641099\package\lib\server\dispatchers\dispatcher.js:96:14)
    at async DispatcherConnection.dispatch (C:\Users\BIJAYA~1\AppData\Local\Temp\playwright-java-6050117891052641099\package\lib\server\dispatchers\dispatcher.js:361:22)
}
Call log:
-   - waiting for locator(&amp;quot;_react=UISelect[data-uia=&amp;apos;language-picker&amp;apos;]&amp;quot;)
">
      <![CDATA[com.microsoft.playwright.impl.TargetClosedError: Error {
  message='Target page, context or browser has been closed
  name='TargetClosedError
  stack='TargetClosedError:Target page, context or browser has been closed
Error
    at captureRawStack (C:\Users\BIJAYA~1\AppData\Local\Temp\playwright-java-6050117891052641099\package\lib\utils\stackTrace.js:50:17)
    at LongStandingScope._race (C:\Users\BIJAYA~1\AppData\Local\Temp\playwright-java-6050117891052641099\package\lib\utils\manualPromise.js:91:52)
    at LongStandingScope.race (C:\Users\BIJAYA~1\AppData\Local\Temp\playwright-java-6050117891052641099\package\lib\utils\manualPromise.js:84:17)
    at C:\Users\BIJAYA~1\AppData\Local\Temp\playwright-java-6050117891052641099\package\lib\utils\manualPromise.js:81:43
    at Array.map (<anonymous>)
    at LongStandingScope.raceMultiple (C:\Users\BIJAYA~1\AppData\Local\Temp\playwright-java-6050117891052641099\package\lib\utils\manualPromise.js:81:32)
    at Frame.retryWithProgressAndTimeouts (C:\Users\BIJAYA~1\AppData\Local\Temp\playwright-java-6050117891052641099\package\lib\server\frames.js:930:40)
    at async C:\Users\BIJAYA~1\AppData\Local\Temp\playwright-java-6050117891052641099\package\lib\server\frames.js:1022:29
    at async ProgressController.run (C:\Users\BIJAYA~1\AppData\Local\Temp\playwright-java-6050117891052641099\package\lib\server\progress.js:79:22)
    at async FrameDispatcher.click (C:\Users\BIJAYA~1\AppData\Local\Temp\playwright-java-6050117891052641099\package\lib\server\dispatchers\frameDispatcher.js:159:12)
    at async LongStandingScope._race (C:\Users\BIJAYA~1\AppData\Local\Temp\playwright-java-6050117891052641099\package\lib\utils\manualPromise.js:96:14)
    at async FrameDispatcher._handleCommand (C:\Users\BIJAYA~1\AppData\Local\Temp\playwright-java-6050117891052641099\package\lib\server\dispatchers\dispatcher.js:96:14)
    at async DispatcherConnection.dispatch (C:\Users\BIJAYA~1\AppData\Local\Temp\playwright-java-6050117891052641099\package\lib\server\dispatchers\dispatcher.js:361:22)
}
Call log:
-   - waiting for locator("_react=UISelect[data-uia='language-picker']")

at com.microsoft.playwright.impl.WaitableResult.get(WaitableResult.java:54)
at com.microsoft.playwright.impl.ChannelOwner.runUntil(ChannelOwner.java:132)
at com.microsoft.playwright.impl.Connection.sendMessage(Connection.java:130)
at com.microsoft.playwright.impl.ChannelOwner.sendMessage(ChannelOwner.java:118)
at com.microsoft.playwright.impl.FrameImpl.clickImpl(FrameImpl.java:252)
at com.microsoft.playwright.impl.FrameImpl.lambda$click$8(FrameImpl.java:243)
at com.microsoft.playwright.impl.LoggingSupport.lambda$withLogging$0(LoggingSupport.java:36)
at com.microsoft.playwright.impl.LoggingSupport.withLogging(LoggingSupport.java:47)
at com.microsoft.playwright.impl.ChannelOwner.withLogging(ChannelOwner.java:97)
at com.microsoft.playwright.impl.LoggingSupport.withLogging(LoggingSupport.java:35)
at com.microsoft.playwright.impl.FrameImpl.click(FrameImpl.java:243)
at com.microsoft.playwright.impl.LocatorImpl.click(LocatorImpl.java:175)
at com.microsoft.playwright.Locator.click(Locator.java:2493)
at com.example.Test_02_React_Selectors.test_react_locator(Test_02_React_Selectors.java:26)
at java.base/java.util.ArrayList.forEach(ArrayList.java:1596)
Caused by: com.microsoft.playwright.impl.TargetClosedError: Error {
  message='Target page, context or browser has been closed
  name='TargetClosedError
  stack='TargetClosedError:Target page, context or browser has been closed
Error
    at captureRawStack (C:\Users\BIJAYA~1\AppData\Local\Temp\playwright-java-6050117891052641099\package\lib\utils\stackTrace.js:50:17)
    at LongStandingScope._race (C:\Users\BIJAYA~1\AppData\Local\Temp\playwright-java-6050117891052641099\package\lib\utils\manualPromise.js:91:52)
    at LongStandingScope.race (C:\Users\BIJAYA~1\AppData\Local\Temp\playwright-java-6050117891052641099\package\lib\utils\manualPromise.js:84:17)
    at C:\Users\BIJAYA~1\AppData\Local\Temp\playwright-java-6050117891052641099\package\lib\utils\manualPromise.js:81:43
    at Array.map (<anonymous>)
    at LongStandingScope.raceMultiple (C:\Users\BIJAYA~1\AppData\Local\Temp\playwright-java-6050117891052641099\package\lib\utils\manualPromise.js:81:32)
    at Frame.retryWithProgressAndTimeouts (C:\Users\BIJAYA~1\AppData\Local\Temp\playwright-java-6050117891052641099\package\lib\server\frames.js:930:40)
    at async C:\Users\BIJAYA~1\AppData\Local\Temp\playwright-java-6050117891052641099\package\lib\server\frames.js:1022:29
    at async ProgressController.run (C:\Users\BIJAYA~1\AppData\Local\Temp\playwright-java-6050117891052641099\package\lib\server\progress.js:79:22)
    at async FrameDispatcher.click (C:\Users\BIJAYA~1\AppData\Local\Temp\playwright-java-6050117891052641099\package\lib\server\dispatchers\frameDispatcher.js:159:12)
    at async LongStandingScope._race (C:\Users\BIJAYA~1\AppData\Local\Temp\playwright-java-6050117891052641099\package\lib\utils\manualPromise.js:96:14)
    at async FrameDispatcher._handleCommand (C:\Users\BIJAYA~1\AppData\Local\Temp\playwright-java-6050117891052641099\package\lib\server\dispatchers\dispatcher.js:96:14)
    at async DispatcherConnection.dispatch (C:\Users\BIJAYA~1\AppData\Local\Temp\playwright-java-6050117891052641099\package\lib\server\dispatchers\dispatcher.js:361:22)
}
Call log:
-   - waiting for locator("_react=UISelect[data-uia='language-picker']")

at com.microsoft.playwright.impl.Connection.dispatch(Connection.java:256)
at com.microsoft.playwright.impl.Connection.processOneMessage(Connection.java:211)
at com.microsoft.playwright.impl.ChannelOwner.runUntil(ChannelOwner.java:130)
... 38 more
... Removed 25 stack frames]]>
    </failure>
  </testcase> <!-- test_react_locator -->
</testsuite> <!-- Test -->
