<?xml version="1.0" encoding="UTF-8"?>
<testng-results ignored="4" total="5" passed="1" failed="0" skipped="0">
  <reporter-output>
  </reporter-output>
  <suite started-at="2025-04-14T09:15:51 EDT" name="Default suite" finished-at="2025-04-14T09:16:09 EDT" duration-ms="18473">
    <groups>
    </groups>
    <test started-at="2025-04-14T09:15:51 EDT" name="Default test" finished-at="2025-04-14T09:16:09 EDT" duration-ms="18473">
      <class name="playwrightJava.Test_15_newTab_or_windowPopup">
        <test-method is-config="true" signature="setUp()[pri:0, instance:playwrightJava.Test_15_newTab_or_windowPopup@7adda9cc]" started-at="2025-04-14T09:15:51 EDT" name="setUp" finished-at="2025-04-14T09:16:00 EDT" duration-ms="9833" status="PASS">
          <reporter-output>
          </reporter-output>
        </test-method> <!-- setUp -->
        <test-method signature="switchToNewTab()[pri:0, instance:playwrightJava.Test_15_newTab_or_windowPopup@7adda9cc]" started-at="2025-04-14T09:16:00 EDT" name="switchToNewTab" finished-at="2025-04-14T09:16:09 EDT" duration-ms="8154" status="PASS">
          <reporter-output>
          </reporter-output>
        </test-method> <!-- switchToNewTab -->
        <test-method is-config="true" signature="tearDownMethod(org.testng.ITestResult)[pri:0, instance:playwrightJava.Test_15_newTab_or_windowPopup@7adda9cc]" started-at="2025-04-14T09:16:09 EDT" name="tearDownMethod" finished-at="2025-04-14T09:16:09 EDT" duration-ms="3" status="PASS">
          <params>
            <param index="0">
              <value>
                <![CDATA[[TestResult name=switchToNewTab status=SUCCESS method=Test_15_newTab_or_windowPopup.switchToNewTab()[pri:0, instance:playwrightJava.Test_15_newTab_or_windowPopup@7adda9cc] output={null}]]]>
              </value>
            </param>
          </params>
          <reporter-output>
          </reporter-output>
        </test-method> <!-- tearDownMethod -->
        <test-method is-config="true" signature="tearDownClass()[pri:0, instance:playwrightJava.Test_15_newTab_or_windowPopup@7adda9cc]" started-at="2025-04-14T09:16:09 EDT" name="tearDownClass" finished-at="2025-04-14T09:16:09 EDT" duration-ms="358" status="PASS">
          <reporter-output>
          </reporter-output>
        </test-method> <!-- tearDownClass -->
      </class> <!-- playwrightJava.Test_15_newTab_or_windowPopup -->
    </test> <!-- Default test -->
  </suite> <!-- Default suite -->
</testng-results>
